12:29:59 **** Incremental Build of configuration Debug for project DS18B20STM32 ****
make -j12 all 
arm-none-eabi-gcc -o "DS18B20STM32.elf" @"objects.list"   -mcpu=cortex-m3 -T"D:\WORK\STM32\WORKSPACE\DS18B20STM32\STM32L100RCTX_FLASH.ld" --specs=nosys.specs -Wl,-Map="DS18B20STM32.map" -Wl,--gc-sections -static --specs=nano.specs -mfloat-abi=soft -mthumb -Wl,--start-group -lc -lm -Wl,--end-group
c:\program files (x86)\stm32cubeide_1.9.0\stm32cubeide\plugins\com.st.stm32cube.ide.mcu.externaltools.gnu-tools-for-stm32.10.3-2021.10.win32_1.0.0.202111181127\tools\arm-none-eabi\bin\ld.exe: ./Core/Src/OneWire.o: in function `get_ROMid':
D:/WORK/STM32/WORKSPACE/DS18B20STM32/Debug/../Core/Src/OneWire.c:433: undefined reference to `devInfo'
c:\program files (x86)\stm32cubeide_1.9.0\stm32cubeide\plugins\com.st.stm32cube.ide.mcu.externaltools.gnu-tools-for-stm32.10.3-2021.10.win32_1.0.0.202111181127\tools\arm-none-eabi\bin\ld.exe: D:/WORK/STM32/WORKSPACE/DS18B20STM32/Debug/../Core/Src/OneWire.c:433: undefined reference to `devInfo'
collect2.exe: error: ld returned 1 exit status
make: *** [makefile:64: DS18B20STM32.elf] Error 1
"make -j12 all" terminated with exit code 2. Build might be incomplete.

12:29:59 Build Failed. 4 errors, 0 warnings. (took 427ms)

